<?xml version="1.0" encoding="UTF-8"?>
<testsuite name="main.com.AccountTest" tests="3" skipped="0" failures="0" errors="0" timestamp="2022-09-21T23:39:49" hostname="Lambda-School-Brian-Meermans-MacBook-Pro.local" time="0.033">
  <properties/>
  <testcase name="testAccountSetNameCorrectlyUpdates()" classname="main.com.AccountTest" time="0.028"/>
  <testcase name="testAccountIDUniqueWithSameNameAccounts()" classname="main.com.AccountTest" time="0.003"/>
  <testcase name="testAccountNameStoredFromConstructor()" classname="main.com.AccountTest" time="0.001"/>
  <system-out><![CDATA[]]></system-out>
  <system-err><![CDATA[]]></system-err>
</testsuite>
